# JRE version: Java(TM) SE Runtime Environment (8.0_192-b12) (build 1.8.0_192-b12)
# Java VM: Java HotSpot(TM) Client VM (25.192-b12 mixed mode windows-x86 )
Heap:
 def new generation   total 157248K, used 157229K [0x04800000, 0x0f2a0000, 0x0f2a0000)
  eden space 139776K,  99% used [0x04800000, 0x0d07ba90, 0x0d080000)
  from space 17472K,  99% used [0x0e190000, 0x0f29fc10, 0x0f2a0000)
  to   space 17472K,   0% used [0x0d080000, 0x0d080000, 0x0e190000)
 tenured generation   total 349568K, used 349563K [0x0f2a0000, 0x24800000, 0x24800000)
   the space 349568K,  99% used [0x0f2a0000, 0x247feee8, 0x247ff000, 0x24800000)
 Metaspace       used 32645K, capacity 35445K, committed 35584K, reserved 36224K
GC Heap History (10 events):
Event: 3644.189 GC heap before
{Heap before GC invocations=515 (full 463):
 def new generation   total 157248K, used 157247K [0x04800000, 0x0f2a0000, 0x0f2a0000)
  eden space 139776K,  99% used [0x04800000, 0x0d07fff8, 0x0d080000)
  from space 17472K, 100% used [0x0e190000, 0x0f2a0000, 0x0f2a0000)
  to   space 17472K,   0% used [0x0d080000, 0x0d080000, 0x0e190000)
 tenured generation   total 349568K, used 349567K [0x0f2a0000, 0x24800000, 0x24800000)
   the space 349568K,  99% used [0x0f2a0000, 0x247ffff8, 0x24800000, 0x24800000)
 Metaspace       used 32644K, capacity 35445K, committed 35584K, reserved 36224K
Event: 3644.491 GC heap after
Heap after GC invocations=516 (full 464):
 def new generation   total 157248K, used 157223K [0x04800000, 0x0f2a0000, 0x0f2a0000)
  eden space 139776K,  99% used [0x04800000, 0x0d07a1f0, 0x0d080000)
  from space 17472K,  99% used [0x0e190000, 0x0f29fc38, 0x0f2a0000)
  to   space 17472K,   0% used [0x0d080000, 0x0d080000, 0x0e190000)
 tenured generation   total 349568K, used 349563K [0x0f2a0000, 0x24800000, 0x24800000)
   the space 349568K,  99% used [0x0f2a0000, 0x247feee8, 0x247ff000, 0x24800000)
 Metaspace       used 32644K, capacity 35445K, committed 35584K, reserved 36224K
}
Event: 3644.492 GC heap before
{Heap before GC invocations=516 (full 464):
 def new generation   total 157248K, used 157242K [0x04800000, 0x0f2a0000, 0x0f2a0000)
  eden space 139776K,  99% used [0x04800000, 0x0d07ef10, 0x0d080000)
  from space 17472K,  99% used [0x0e190000, 0x0f29fc38, 0x0f2a0000)
  to   space 17472K,   0% used [0x0d080000, 0x0d080000, 0x0e190000)
 tenured generation   total 349568K, used 349563K [0x0f2a0000, 0x24800000, 0x24800000)
   the space 349568K,  99% used [0x0f2a0000, 0x247feee8, 0x247ff000, 0x24800000)
 Metaspace       used 32644K, capacity 35445K, committed 35584K, reserved 36224K
Event: 3644.813 GC heap after
Heap after GC invocations=517 (full 465):
 def new generation   total 157248K, used 157221K [0x04800000, 0x0f2a0000, 0x0f2a0000)
  eden space 139776K,  99% used [0x04800000, 0x0d079800, 0x0d080000)
  from space 17472K,  99% used [0x0e190000, 0x0f29fc10, 0x0f2a0000)
  to   space 17472K,   0% used [0x0d080000, 0x0d080000, 0x0e190000)
 tenured generation   total 349568K, used 349563K [0x0f2a0000, 0x24800000, 0x24800000)
   the space 349568K,  99% used [0x0f2a0000, 0x247feee8, 0x247ff000, 0x24800000)
 Metaspace       used 32644K, capacity 35445K, committed 35584K, reserved 36224K
}
Event: 3644.814 GC heap before
{Heap before GC invocations=517 (full 465):
 def new generation   total 157248K, used 157243K [0x04800000, 0x0f2a0000, 0x0f2a0000)
  eden space 139776K,  99% used [0x04800000, 0x0d07f138, 0x0d080000)
  from space 17472K,  99% used [0x0e190000, 0x0f29fc10, 0x0f2a0000)
  to   space 17472K,   0% used [0x0d080000, 0x0d080000, 0x0e190000)
 tenured generation   total 349568K, used 349563K [0x0f2a0000, 0x24800000, 0x24800000)
   the space 349568K,  99% used [0x0f2a0000, 0x247feee8, 0x247ff000, 0x24800000)
 Metaspace       used 32645K, capacity 35445K, committed 35584K, reserved 36224K
Event: 3645.158 GC heap after
Heap after GC invocations=518 (full 466):
 def new generation   total 157248K, used 157225K [0x04800000, 0x0f2a0000, 0x0f2a0000)
  eden space 139776K,  99% used [0x04800000, 0x0d07abe0, 0x0d080000)
  from space 17472K,  99% used [0x0e190000, 0x0f29fc10, 0x0f2a0000)
  to   space 17472K,   0% used [0x0d080000, 0x0d080000, 0x0e190000)
 tenured generation   total 349568K, used 349563K [0x0f2a0000, 0x24800000, 0x24800000)
   the space 349568K,  99% used [0x0f2a0000, 0x247feee8, 0x247ff000, 0x24800000)
 Metaspace       used 32645K, capacity 35445K, committed 35584K, reserved 36224K
}
Event: 3645.158 GC heap before
{Heap before GC invocations=518 (full 466):
 def new generation   total 157248K, used 157237K [0x04800000, 0x0f2a0000, 0x0f2a0000)
  eden space 139776K,  99% used [0x04800000, 0x0d07d808, 0x0d080000)
  from space 17472K,  99% used [0x0e190000, 0x0f29fc10, 0x0f2a0000)
  to   space 17472K,   0% used [0x0d080000, 0x0d080000, 0x0e190000)
 tenured generation   total 349568K, used 349563K [0x0f2a0000, 0x24800000, 0x24800000)
   the space 349568K,  99% used [0x0f2a0000, 0x247feee8, 0x247ff000, 0x24800000)
 Metaspace       used 32645K, capacity 35445K, committed 35584K, reserved 36224K
Event: 3645.487 GC heap after
Heap after GC invocations=519 (full 467):
 def new generation   total 157248K, used 157229K [0x04800000, 0x0f2a0000, 0x0f2a0000)
  eden space 139776K,  99% used [0x04800000, 0x0d07ba90, 0x0d080000)
  from space 17472K,  99% used [0x0e190000, 0x0f29fc10, 0x0f2a0000)
  to   space 17472K,   0% used [0x0d080000, 0x0d080000, 0x0e190000)
 tenured generation   total 349568K, used 349563K [0x0f2a0000, 0x24800000, 0x24800000)
   the space 349568K,  99% used [0x0f2a0000, 0x247feee8, 0x247ff000, 0x24800000)
 Metaspace       used 32645K, capacity 35445K, committed 35584K, reserved 36224K
}
Event: 3645.487 GC heap before
{Heap before GC invocations=519 (full 467):
 def new generation   total 157248K, used 157229K [0x04800000, 0x0f2a0000, 0x0f2a0000)
  eden space 139776K,  99% used [0x04800000, 0x0d07ba90, 0x0d080000)
  from space 17472K,  99% used [0x0e190000, 0x0f29fc10, 0x0f2a0000)
  to   space 17472K,   0% used [0x0d080000, 0x0d080000, 0x0e190000)
 tenured generation   total 349568K, used 349563K [0x0f2a0000, 0x24800000, 0x24800000)
   the space 349568K,  99% used [0x0f2a0000, 0x247feee8, 0x247ff000, 0x24800000)
 Metaspace       used 32645K, capacity 35445K, committed 35584K, reserved 36224K
Event: 3645.800 GC heap after
Heap after GC invocations=520 (full 468):
 def new generation   total 157248K, used 157229K [0x04800000, 0x0f2a0000, 0x0f2a0000)
  eden space 139776K,  99% used [0x04800000, 0x0d07ba90, 0x0d080000)
  from space 17472K,  99% used [0x0e190000, 0x0f29fc10, 0x0f2a0000)
  to   space 17472K,   0% used [0x0d080000, 0x0d080000, 0x0e190000)
 tenured generation   total 349568K, used 349563K [0x0f2a0000, 0x24800000, 0x24800000)
   the space 349568K,  99% used [0x0f2a0000, 0x247feee8, 0x247ff000, 0x24800000)
 Metaspace       used 32645K, capacity 35445K, committed 35584K, reserved 36224K
}

